Added Component: Designator=BT1(PCB-3798-1)
Add component (AddParameter): Name = "Contact Material"; Value = "Steel"; VariantName = "[No Variations]"
Add component (AddParameter): Name = "Contact Plating"; Value = "Nickel"; VariantName = "[No Variations]"
Add component (AddParameter): Name = "Lead-Free Status"; Value = "Lead Free"; VariantName = "[No Variations]"
Add component (AddParameter): Name = "Manufacturer Part Number"; Value = "1294"; VariantName = "[No Variations]"
Add component (AddParameter): Name = "Material"; Value = "Plastic"; VariantName = "[No Variations]"
Add component (AddParameter): Name = "Number of Contacts"; Value = "2"; VariantName = "[No Variations]"
Add component (AddParameter): Name = "Octopart Url"; Value = "https://octopart.com/1294-keystone-3743"; VariantName = "[No Variations]"
Add component (AddParameter): Name = "OctopartID"; Value = "fd44344ed6bd2283"; VariantName = "[No Variations]"
Add component (AddParameter): Name = "Packaging"; Value = "Bulk"; VariantName = "[No Variations]"
Add component (AddParameter): Name = "REACH SVHC Compliance"; Value = "No SVHC"; VariantName = "[No Variations]"
Add component (AddParameter): Name = "RoHS"; Value = "Compliant"; VariantName = "[No Variations]"
Added Component: Designator=C1(PCB-nq6yd78wv7rl8ojp8omb-1)
Add component (AddParameter): Name = "Capacitance"; Value = "10.0 F"; VariantName = "[No Variations]"
Add component (AddParameter): Name = "Capacitance Tolerance"; Value = "±20%"; VariantName = "[No Variations]"
Add component (AddParameter): Name = "Manufacturer Part Number"; Value = "UCB1C100MCL1GS"; VariantName = "[No Variations]"
Add component (AddParameter): Name = "Mounting Style"; Value = "Surface Mount"; VariantName = "[No Variations]"
Add component (AddParameter): Name = "Octopart URL"; Value = "http://octopart.com/ucb1c100mcl1gs-nichicon-19717264"; VariantName = "[No Variations]"
Add component (AddParameter): Name = "OctopartID"; Value = "119dd9bbe86bce5a"; VariantName = "[No Variations]"
Add component (AddParameter): Name = "Packaging"; Value = "Tape & Reel (TR)"; VariantName = "[No Variations]"
Add component (AddParameter): Name = "RoHS"; Value = "Compliant"; VariantName = "[No Variations]"
Add component (AddParameter): Name = "Size-Diameter"; Value = "4.00 mm"; VariantName = "[No Variations]"
Add component (AddParameter): Name = "Size-Height"; Value = "7.00 mm"; VariantName = "[No Variations]"
Add component (AddParameter): Name = "Voltage Rating (DC)"; Value = "16.0 V"; VariantName = "[No Variations]"
Added Component: Designator=C2(PCB-nq6yd78wv7rl8ojp8omb-1)
Add component (AddParameter): Name = "Capacitance"; Value = "10.0 F"; VariantName = "[No Variations]"
Add component (AddParameter): Name = "Capacitance Tolerance"; Value = "±20%"; VariantName = "[No Variations]"
Add component (AddParameter): Name = "Manufacturer Part Number"; Value = "UCB1C100MCL1GS"; VariantName = "[No Variations]"
Add component (AddParameter): Name = "Mounting Style"; Value = "Surface Mount"; VariantName = "[No Variations]"
Add component (AddParameter): Name = "Octopart URL"; Value = "http://octopart.com/ucb1c100mcl1gs-nichicon-19717264"; VariantName = "[No Variations]"
Add component (AddParameter): Name = "OctopartID"; Value = "119dd9bbe86bce5a"; VariantName = "[No Variations]"
Add component (AddParameter): Name = "Packaging"; Value = "Tape & Reel (TR)"; VariantName = "[No Variations]"
Add component (AddParameter): Name = "RoHS"; Value = "Compliant"; VariantName = "[No Variations]"
Add component (AddParameter): Name = "Size-Diameter"; Value = "4.00 mm"; VariantName = "[No Variations]"
Add component (AddParameter): Name = "Size-Height"; Value = "7.00 mm"; VariantName = "[No Variations]"
Add component (AddParameter): Name = "Voltage Rating (DC)"; Value = "16.0 V"; VariantName = "[No Variations]"
Added Component: Designator=C3(PCB-ql28fbuo3tond8refhb5-1)
Added Component: Designator=C4(PCB-ql28fbuo3tond8refhb5-1)
Added Component: Designator=C5(PCB-ql28fbuo3tond8refhb5-1)
Added Component: Designator=C6(PCB-ql28fbuo3tond8refhb5-1)
Added Component: Designator=C7(PCB-nq6yd78wv7rl8ojp8omb-1)
Add component (AddParameter): Name = "Capacitance"; Value = "10.0 F"; VariantName = "[No Variations]"
Add component (AddParameter): Name = "Capacitance Tolerance"; Value = "±20%"; VariantName = "[No Variations]"
Add component (AddParameter): Name = "Manufacturer Part Number"; Value = "UCB1C100MCL1GS"; VariantName = "[No Variations]"
Add component (AddParameter): Name = "Mounting Style"; Value = "Surface Mount"; VariantName = "[No Variations]"
Add component (AddParameter): Name = "Octopart URL"; Value = "http://octopart.com/ucb1c100mcl1gs-nichicon-19717264"; VariantName = "[No Variations]"
Add component (AddParameter): Name = "OctopartID"; Value = "119dd9bbe86bce5a"; VariantName = "[No Variations]"
Add component (AddParameter): Name = "Packaging"; Value = "Tape & Reel (TR)"; VariantName = "[No Variations]"
Add component (AddParameter): Name = "RoHS"; Value = "Compliant"; VariantName = "[No Variations]"
Add component (AddParameter): Name = "Size-Diameter"; Value = "4.00 mm"; VariantName = "[No Variations]"
Add component (AddParameter): Name = "Size-Height"; Value = "7.00 mm"; VariantName = "[No Variations]"
Add component (AddParameter): Name = "Voltage Rating (DC)"; Value = "16.0 V"; VariantName = "[No Variations]"
Added Component: Designator=C8(PCB-nq6yd78wv7rl8ojp8omb-1)
Add component (AddParameter): Name = "Capacitance"; Value = "10.0 F"; VariantName = "[No Variations]"
Add component (AddParameter): Name = "Capacitance Tolerance"; Value = "±20%"; VariantName = "[No Variations]"
Add component (AddParameter): Name = "Manufacturer Part Number"; Value = "UCB1C100MCL1GS"; VariantName = "[No Variations]"
Add component (AddParameter): Name = "Mounting Style"; Value = "Surface Mount"; VariantName = "[No Variations]"
Add component (AddParameter): Name = "Octopart URL"; Value = "http://octopart.com/ucb1c100mcl1gs-nichicon-19717264"; VariantName = "[No Variations]"
Add component (AddParameter): Name = "OctopartID"; Value = "119dd9bbe86bce5a"; VariantName = "[No Variations]"
Add component (AddParameter): Name = "Packaging"; Value = "Tape & Reel (TR)"; VariantName = "[No Variations]"
Add component (AddParameter): Name = "RoHS"; Value = "Compliant"; VariantName = "[No Variations]"
Add component (AddParameter): Name = "Size-Diameter"; Value = "4.00 mm"; VariantName = "[No Variations]"
Add component (AddParameter): Name = "Size-Height"; Value = "7.00 mm"; VariantName = "[No Variations]"
Add component (AddParameter): Name = "Voltage Rating (DC)"; Value = "16.0 V"; VariantName = "[No Variations]"
Added Component: Designator=D1(PCB-z2ypi7zr74mzpyjelpsh-1)
Add component (AddParameter): Name = "Case/Package"; Value = "DO-41"; VariantName = "[No Variations]"
Add component (AddParameter): Name = "Current Rating"; Value = "1.0 A"; VariantName = "[No Variations]"
Add component (AddParameter): Name = "Halogen Free Status"; Value = "Halogen Free"; VariantName = "[No Variations]"
Add component (AddParameter): Name = "Lead-Free Status"; Value = "Lead Free"; VariantName = "[No Variations]"
Add component (AddParameter): Name = "Lifecycle Status"; Value = "Active"; VariantName = "[No Variations]"
Add component (AddParameter): Name = "Manufacturer Part Number"; Value = "1N4001RLG"; VariantName = "[No Variations]"
Add component (AddParameter): Name = "Mounting Style"; Value = "Axial"; VariantName = "[No Variations]"
Add component (AddParameter): Name = "Number of Pins"; Value = "2"; VariantName = "[No Variations]"
Add component (AddParameter): Name = "Octopart Url"; Value = "https://octopart.com/1n4001rlg-on+semiconductor-322109"; VariantName = "[No Variations]"
Add component (AddParameter): Name = "OctopartID"; Value = "8cde45d043855319"; VariantName = "[No Variations]"
Add component (AddParameter): Name = "Packaging"; Value = "Cut Tape (CT)"; VariantName = "[No Variations]"
Add component (AddParameter): Name = "Polarity"; Value = "Standard"; VariantName = "[No Variations]"
Add component (AddParameter): Name = "REACH SVHC Compliance"; Value = "No SVHC"; VariantName = "[No Variations]"
Add component (AddParameter): Name = "RoHS"; Value = "Compliant"; VariantName = "[No Variations]"
Add component (AddParameter): Name = "Voltage Rating (DC)"; Value = "50.0 V"; VariantName = "[No Variations]"
Added Component: Designator=LED1(PCB-b5vk7vz0xhkw7l0fnova-1)
Add component (AddParameter): Name = "Color"; Value = "Green"; VariantName = "[No Variations]"
Add component (AddParameter): Name = "Forward Voltage"; Value = "3.20 V"; VariantName = "[No Variations]"
Add component (AddParameter): Name = "Luminous Intensity"; Value = "12.5 cd"; VariantName = "[No Variations]"
Add component (AddParameter): Name = "Manufacturer"; Value = "Cree"; VariantName = "[No Variations]"
Add component (AddParameter): Name = "Manufacturer Part Number"; Value = "C503B-GCN-CY0C0791"; VariantName = "[No Variations]"
Add component (AddParameter): Name = "Mounting Style"; Value = "Through Hole"; VariantName = "[No Variations]"
Add component (AddParameter): Name = "Number of Pins"; Value = "2"; VariantName = "[No Variations]"
Add component (AddParameter): Name = "Octopart URL"; Value = "http://octopart.com/c503b-gcn-cy0c0791-cree-10438827"; VariantName = "[No Variations]"
Add component (AddParameter): Name = "OctopartID"; Value = "92bb5b2eff764d7c"; VariantName = "[No Variations]"
Add component (AddParameter): Name = "RoHS"; Value = "Compliant"; VariantName = "[No Variations]"
Add component (AddParameter): Name = "Viewing Angle"; Value = "30 °"; VariantName = "[No Variations]"
Add component (AddParameter): Name = "Wavelength"; Value = "527 nm"; VariantName = "[No Variations]"
Added Component: Designator=P2(SMTC-TSW-102-22-X-S-RA)
Add component (AddParameter): Name = "Contact Material"; Value = "Phosphor Bronze"; VariantName = "[No Variations]"
Add component (AddParameter): Name = "Contact Plating"; Value = "Gold"; VariantName = "[No Variations]"
Add component (AddParameter): Name = "Gender"; Value = "Male"; VariantName = "[No Variations]"
Add component (AddParameter): Name = "Manufacturer Part Number"; Value = "TSW-102-22-L-S-RA"; VariantName = "[No Variations]"
Add component (AddParameter): Name = "Mounting Style"; Value = "Through Hole"; VariantName = "[No Variations]"
Add component (AddParameter): Name = "Number of Contacts"; Value = "2"; VariantName = "[No Variations]"
Add component (AddParameter): Name = "Number of Rows"; Value = "1"; VariantName = "[No Variations]"
Add component (AddParameter): Name = "Octopart Url"; Value = "https://octopart.com/tsw-102-22-l-s-ra-samtec-11758137"; VariantName = "[No Variations]"
Add component (AddParameter): Name = "OctopartID"; Value = "0b86c23f44d9d441"; VariantName = "[No Variations]"
Add component (AddParameter): Name = "Pin Pitch"; Value = "0.00254 m"; VariantName = "[No Variations]"
Add component (AddParameter): Name = "REACH SVHC Compliance"; Value = "No SVHC"; VariantName = "[No Variations]"
Add component (AddParameter): Name = "RoHS"; Value = "Compliant"; VariantName = "[No Variations]"
Added Component: Designator=Q1(PCB-d52vzgbszc9onplxz1b0-1)
Add component (AddParameter): Name = "Case/Package"; Value = "TO-92"; VariantName = "[No Variations]"
Add component (AddParameter): Name = "Current Rating"; Value = "200 mA"; VariantName = "[No Variations]"
Add component (AddParameter): Name = "Lead-Free Status"; Value = "Lead Free"; VariantName = "[No Variations]"
Add component (AddParameter): Name = "Lifecycle Status"; Value = "Active"; VariantName = "[No Variations]"
Add component (AddParameter): Name = "Manufacturer Part Number"; Value = "2N3904TF"; VariantName = "[No Variations]"
Add component (AddParameter): Name = "Mounting Style"; Value = "Through Hole"; VariantName = "[No Variations]"
Add component (AddParameter): Name = "Number of Pins"; Value = "3"; VariantName = "[No Variations]"
Add component (AddParameter): Name = "Octopart URL"; Value = "https://octopart.com/2n3904tf-on+semiconductor-84408862"; VariantName = "[No Variations]"
Add component (AddParameter): Name = "OctopartID"; Value = "3e48f245e130e18f"; VariantName = "[No Variations]"
Add component (AddParameter): Name = "Operating Temperature"; Value = "150 °C (max)"; VariantName = "[No Variations]"
Add component (AddParameter): Name = "Packaging"; Value = "Tape"; VariantName = "[No Variations]"
Add component (AddParameter): Name = "Polarity"; Value = "NPN, N-Channel"; VariantName = "[No Variations]"
Add component (AddParameter): Name = "Power Dissipation"; Value = "625 mW (max)"; VariantName = "[No Variations]"
Add component (AddParameter): Name = "REACH SVHC Compliance"; Value = "No SVHC"; VariantName = "[No Variations]"
Add component (AddParameter): Name = "RoHS"; Value = "Compliant"; VariantName = "[No Variations]"
Add component (AddParameter): Name = "Voltage Rating (DC)"; Value = "40.0 V"; VariantName = "[No Variations]"
Added Component: Designator=R1(PCB-0jk5y5qyb1smy9vf6b7t-1)
Added Component: Designator=R2(PCB-0jk5y5qyb1smy9vf6b7t-1)
Added Component: Designator=R3(PCB-0jk5y5qyb1smy9vf6b7t-1)
Added Component: Designator=R4(PCB-0jk5y5qyb1smy9vf6b7t-1)
Added Component: Designator=R5(PCB-0jk5y5qyb1smy9vf6b7t-1)
Added Component: Designator=R6(PCB-0jk5y5qyb1smy9vf6b7t-1)
Added Component: Designator=R7(PCB-0jk5y5qyb1smy9vf6b7t-1)
Added Component: Designator=R8(PCB-0jk5y5qyb1smy9vf6b7t-1)
Added Component: Designator=R9(PCB-0jk5y5qyb1smy9vf6b7t-1)
Added Component: Designator=R10(PCB-0jk5y5qyb1smy9vf6b7t-1)
Added Component: Designator=R11(PCB-0jk5y5qyb1smy9vf6b7t-1)
Added Component: Designator=R12(PCB-0jk5y5qyb1smy9vf6b7t-1)
Added Component: Designator=R13(PCB-0jk5y5qyb1smy9vf6b7t-1)
Added Component: Designator=R14(PCB-0jk5y5qyb1smy9vf6b7t-1)
Added Component: Designator=R15(PCB-0jk5y5qyb1smy9vf6b7t-1)
Added Component: Designator=R16(PCB-0jk5y5qyb1smy9vf6b7t-1)
Added Component: Designator=SW1(ESWI-EG1218_V)
Add component (AddParameter): Name = "Actuator Type"; Value = "Standard"; VariantName = "[No Variations]"
Add component (AddParameter): Name = "Contact Material"; Value = "Copper Alloy"; VariantName = "[No Variations]"
Add component (AddParameter): Name = "Contact Plating"; Value = "Silver"; VariantName = "[No Variations]"
Add component (AddParameter): Name = "Contacts Type"; Value = "SPDT"; VariantName = "[No Variations]"
Add component (AddParameter): Name = "Current Rating"; Value = "200 mA"; VariantName = "[No Variations]"
Add component (AddParameter): Name = "DatasheetVersion"; Value = "Oct-15"; VariantName = "[No Variations]"
Add component (AddParameter): Name = "Lead-Free Status"; Value = "Lead Free"; VariantName = "[No Variations]"
Add component (AddParameter): Name = "Manufacturer Part Number"; Value = "EG1218"; VariantName = "[No Variations]"
Add component (AddParameter): Name = "Mounting Style"; Value = "PCB, Through Hole"; VariantName = "[No Variations]"
Add component (AddParameter): Name = "Number of Positions"; Value = "2"; VariantName = "[No Variations]"
Add component (AddParameter): Name = "Octopart Url"; Value = "http://octopart.com/eg1218-e-switch-1056201"; VariantName = "[No Variations]"
Add component (AddParameter): Name = "OctopartID"; Value = "9a5a5340a2f5459d"; VariantName = "[No Variations]"
Add component (AddParameter): Name = "Orientation"; Value = "Vertical"; VariantName = "[No Variations]"
Add component (AddParameter): Name = "PackageDescription"; Value = "3-Pin Through Hole Device, Body 11.6 x 4 mm, Pitch 2.5 mm"; VariantName = "[No Variations]"
Add component (AddParameter): Name = "PackageReference"; Value = "EG1218"; VariantName = "[No Variations]"
Add component (AddParameter): Name = "Packaging"; Value = "Bulk"; VariantName = "[No Variations]"
Add component (AddParameter): Name = "RoHS"; Value = "Compliant"; VariantName = "[No Variations]"
Add component (AddParameter): Name = "Seller Landing  Url"; Value = "https://octopart-clicks.com/click/track?country=US&ak=8157f166&sig=0e9adab&sid=459&ppid=1056201&vpid=1179261&ct=offers"; VariantName = "[No Variations]"
Add component (AddParameter): Name = "Size-Height"; Value = "5.40 mm"; VariantName = "[No Variations]"
Add component (AddParameter): Name = "Size-Length"; Value = "2.03 mm"; VariantName = "[No Variations]"
Add component (AddParameter): Name = "Size-Width"; Value = "4.00 mm"; VariantName = "[No Variations]"
Added Component: Designator=SW2(PCB-je10m8m3eogq13l465bo-1)
Add component (AddParameter): Name = "Actuator Type"; Value = "Standard"; VariantName = "[No Variations]"
Add component (AddParameter): Name = "Contact Current Rating"; Value = "20.0 mA"; VariantName = "[No Variations]"
Add component (AddParameter): Name = "Contacts Type"; Value = "SPST-NO"; VariantName = "[No Variations]"
Add component (AddParameter): Name = "Element14 Min Order"; Value = "1"; VariantName = "[No Variations]"
Add component (AddParameter): Name = "Element14 Part No."; Value = "2281982"; VariantName = "[No Variations]"
Add component (AddParameter): Name = "Element14 Price Per"; Value = "$0.109"; VariantName = "[No Variations]"
Add component (AddParameter): Name = "Element14 URL"; Value = "http://au.element14.com/panasonic-electronic-components/evq-21405r/switch-tactile-spst-no-20ma-15vdc/dp/2281982"; VariantName = "[No Variations]"
Add component (AddParameter): Name = "Lead-Free Status"; Value = "Lead Free"; VariantName = "[No Variations]"
Add component (AddParameter): Name = "Lifecycle Status"; Value = "Not Listed by Manufacturer"; VariantName = "[No Variations]"
Add component (AddParameter): Name = "Manufacturer Part Number"; Value = "EVQ-21405R"; VariantName = "[No Variations]"
Add component (AddParameter): Name = "Mounting Style"; Value = "Through Hole, PC Board"; VariantName = "[No Variations]"
Add component (AddParameter): Name = "Octopart URL"; Value = "http://octopart.com/evq-21405r-panasonic-55650591"; VariantName = "[No Variations]"
Add component (AddParameter): Name = "OctopartID"; Value = "2fe5e5be239cf022"; VariantName = "[No Variations]"
Add component (AddParameter): Name = "Orientation"; Value = "Vertical"; VariantName = "[No Variations]"
Add component (AddParameter): Name = "Packaging"; Value = "Tape & Reel (TR)"; VariantName = "[No Variations]"
Add component (AddParameter): Name = "RoHS"; Value = "Compliant"; VariantName = "[No Variations]"
Add component (AddParameter): Name = "Size-Length"; Value = "6.00 mm"; VariantName = "[No Variations]"
Add component (AddParameter): Name = "Size-Width"; Value = "6.00 mm"; VariantName = "[No Variations]"
Added Component: Designator=SW3(PCB-je10m8m3eogq13l465bo-1)
Add component (AddParameter): Name = "Actuator Type"; Value = "Standard"; VariantName = "[No Variations]"
Add component (AddParameter): Name = "Contact Current Rating"; Value = "20.0 mA"; VariantName = "[No Variations]"
Add component (AddParameter): Name = "Contacts Type"; Value = "SPST-NO"; VariantName = "[No Variations]"
Add component (AddParameter): Name = "Element14 Min Order"; Value = "1"; VariantName = "[No Variations]"
Add component (AddParameter): Name = "Element14 Part No."; Value = "2281982"; VariantName = "[No Variations]"
Add component (AddParameter): Name = "Element14 Price Per"; Value = "$0.109"; VariantName = "[No Variations]"
Add component (AddParameter): Name = "Element14 URL"; Value = "http://au.element14.com/panasonic-electronic-components/evq-21405r/switch-tactile-spst-no-20ma-15vdc/dp/2281982"; VariantName = "[No Variations]"
Add component (AddParameter): Name = "Lead-Free Status"; Value = "Lead Free"; VariantName = "[No Variations]"
Add component (AddParameter): Name = "Lifecycle Status"; Value = "Not Listed by Manufacturer"; VariantName = "[No Variations]"
Add component (AddParameter): Name = "Manufacturer Part Number"; Value = "EVQ-21405R"; VariantName = "[No Variations]"
Add component (AddParameter): Name = "Mounting Style"; Value = "Through Hole, PC Board"; VariantName = "[No Variations]"
Add component (AddParameter): Name = "Octopart URL"; Value = "http://octopart.com/evq-21405r-panasonic-55650591"; VariantName = "[No Variations]"
Add component (AddParameter): Name = "OctopartID"; Value = "2fe5e5be239cf022"; VariantName = "[No Variations]"
Add component (AddParameter): Name = "Orientation"; Value = "Vertical"; VariantName = "[No Variations]"
Add component (AddParameter): Name = "Packaging"; Value = "Tape & Reel (TR)"; VariantName = "[No Variations]"
Add component (AddParameter): Name = "RoHS"; Value = "Compliant"; VariantName = "[No Variations]"
Add component (AddParameter): Name = "Size-Length"; Value = "6.00 mm"; VariantName = "[No Variations]"
Add component (AddParameter): Name = "Size-Width"; Value = "6.00 mm"; VariantName = "[No Variations]"
Added Component: Designator=SW4(PCB-je10m8m3eogq13l465bo-1)
Add component (AddParameter): Name = "Actuator Type"; Value = "Standard"; VariantName = "[No Variations]"
Add component (AddParameter): Name = "Contact Current Rating"; Value = "20.0 mA"; VariantName = "[No Variations]"
Add component (AddParameter): Name = "Contacts Type"; Value = "SPST-NO"; VariantName = "[No Variations]"
Add component (AddParameter): Name = "Element14 Min Order"; Value = "1"; VariantName = "[No Variations]"
Add component (AddParameter): Name = "Element14 Part No."; Value = "2281982"; VariantName = "[No Variations]"
Add component (AddParameter): Name = "Element14 Price Per"; Value = "$0.109"; VariantName = "[No Variations]"
Add component (AddParameter): Name = "Element14 URL"; Value = "http://au.element14.com/panasonic-electronic-components/evq-21405r/switch-tactile-spst-no-20ma-15vdc/dp/2281982"; VariantName = "[No Variations]"
Add component (AddParameter): Name = "Lead-Free Status"; Value = "Lead Free"; VariantName = "[No Variations]"
Add component (AddParameter): Name = "Lifecycle Status"; Value = "Not Listed by Manufacturer"; VariantName = "[No Variations]"
Add component (AddParameter): Name = "Manufacturer Part Number"; Value = "EVQ-21405R"; VariantName = "[No Variations]"
Add component (AddParameter): Name = "Mounting Style"; Value = "Through Hole, PC Board"; VariantName = "[No Variations]"
Add component (AddParameter): Name = "Octopart URL"; Value = "http://octopart.com/evq-21405r-panasonic-55650591"; VariantName = "[No Variations]"
Add component (AddParameter): Name = "OctopartID"; Value = "2fe5e5be239cf022"; VariantName = "[No Variations]"
Add component (AddParameter): Name = "Orientation"; Value = "Vertical"; VariantName = "[No Variations]"
Add component (AddParameter): Name = "Packaging"; Value = "Tape & Reel (TR)"; VariantName = "[No Variations]"
Add component (AddParameter): Name = "RoHS"; Value = "Compliant"; VariantName = "[No Variations]"
Add component (AddParameter): Name = "Size-Length"; Value = "6.00 mm"; VariantName = "[No Variations]"
Add component (AddParameter): Name = "Size-Width"; Value = "6.00 mm"; VariantName = "[No Variations]"
Added Component: Designator=SW5(PCB-je10m8m3eogq13l465bo-1)
Add component (AddParameter): Name = "Actuator Type"; Value = "Standard"; VariantName = "[No Variations]"
Add component (AddParameter): Name = "Contact Current Rating"; Value = "20.0 mA"; VariantName = "[No Variations]"
Add component (AddParameter): Name = "Contacts Type"; Value = "SPST-NO"; VariantName = "[No Variations]"
Add component (AddParameter): Name = "Element14 Min Order"; Value = "1"; VariantName = "[No Variations]"
Add component (AddParameter): Name = "Element14 Part No."; Value = "2281982"; VariantName = "[No Variations]"
Add component (AddParameter): Name = "Element14 Price Per"; Value = "$0.109"; VariantName = "[No Variations]"
Add component (AddParameter): Name = "Element14 URL"; Value = "http://au.element14.com/panasonic-electronic-components/evq-21405r/switch-tactile-spst-no-20ma-15vdc/dp/2281982"; VariantName = "[No Variations]"
Add component (AddParameter): Name = "Lead-Free Status"; Value = "Lead Free"; VariantName = "[No Variations]"
Add component (AddParameter): Name = "Lifecycle Status"; Value = "Not Listed by Manufacturer"; VariantName = "[No Variations]"
Add component (AddParameter): Name = "Manufacturer Part Number"; Value = "EVQ-21405R"; VariantName = "[No Variations]"
Add component (AddParameter): Name = "Mounting Style"; Value = "Through Hole, PC Board"; VariantName = "[No Variations]"
Add component (AddParameter): Name = "Octopart URL"; Value = "http://octopart.com/evq-21405r-panasonic-55650591"; VariantName = "[No Variations]"
Add component (AddParameter): Name = "OctopartID"; Value = "2fe5e5be239cf022"; VariantName = "[No Variations]"
Add component (AddParameter): Name = "Orientation"; Value = "Vertical"; VariantName = "[No Variations]"
Add component (AddParameter): Name = "Packaging"; Value = "Tape & Reel (TR)"; VariantName = "[No Variations]"
Add component (AddParameter): Name = "RoHS"; Value = "Compliant"; VariantName = "[No Variations]"
Add component (AddParameter): Name = "Size-Length"; Value = "6.00 mm"; VariantName = "[No Variations]"
Add component (AddParameter): Name = "Size-Width"; Value = "6.00 mm"; VariantName = "[No Variations]"
Added Component: Designator=SW6(PCB-je10m8m3eogq13l465bo-1)
Add component (AddParameter): Name = "Actuator Type"; Value = "Standard"; VariantName = "[No Variations]"
Add component (AddParameter): Name = "Contact Current Rating"; Value = "20.0 mA"; VariantName = "[No Variations]"
Add component (AddParameter): Name = "Contacts Type"; Value = "SPST-NO"; VariantName = "[No Variations]"
Add component (AddParameter): Name = "Element14 Min Order"; Value = "1"; VariantName = "[No Variations]"
Add component (AddParameter): Name = "Element14 Part No."; Value = "2281982"; VariantName = "[No Variations]"
Add component (AddParameter): Name = "Element14 Price Per"; Value = "$0.109"; VariantName = "[No Variations]"
Add component (AddParameter): Name = "Element14 URL"; Value = "http://au.element14.com/panasonic-electronic-components/evq-21405r/switch-tactile-spst-no-20ma-15vdc/dp/2281982"; VariantName = "[No Variations]"
Add component (AddParameter): Name = "Lead-Free Status"; Value = "Lead Free"; VariantName = "[No Variations]"
Add component (AddParameter): Name = "Lifecycle Status"; Value = "Not Listed by Manufacturer"; VariantName = "[No Variations]"
Add component (AddParameter): Name = "Manufacturer Part Number"; Value = "EVQ-21405R"; VariantName = "[No Variations]"
Add component (AddParameter): Name = "Mounting Style"; Value = "Through Hole, PC Board"; VariantName = "[No Variations]"
Add component (AddParameter): Name = "Octopart URL"; Value = "http://octopart.com/evq-21405r-panasonic-55650591"; VariantName = "[No Variations]"
Add component (AddParameter): Name = "OctopartID"; Value = "2fe5e5be239cf022"; VariantName = "[No Variations]"
Add component (AddParameter): Name = "Orientation"; Value = "Vertical"; VariantName = "[No Variations]"
Add component (AddParameter): Name = "Packaging"; Value = "Tape & Reel (TR)"; VariantName = "[No Variations]"
Add component (AddParameter): Name = "RoHS"; Value = "Compliant"; VariantName = "[No Variations]"
Add component (AddParameter): Name = "Size-Length"; Value = "6.00 mm"; VariantName = "[No Variations]"
Add component (AddParameter): Name = "Size-Width"; Value = "6.00 mm"; VariantName = "[No Variations]"
Added Component: Designator=SW7(PCB-je10m8m3eogq13l465bo-1)
Add component (AddParameter): Name = "Actuator Type"; Value = "Standard"; VariantName = "[No Variations]"
Add component (AddParameter): Name = "Contact Current Rating"; Value = "20.0 mA"; VariantName = "[No Variations]"
Add component (AddParameter): Name = "Contacts Type"; Value = "SPST-NO"; VariantName = "[No Variations]"
Add component (AddParameter): Name = "Element14 Min Order"; Value = "1"; VariantName = "[No Variations]"
Add component (AddParameter): Name = "Element14 Part No."; Value = "2281982"; VariantName = "[No Variations]"
Add component (AddParameter): Name = "Element14 Price Per"; Value = "$0.109"; VariantName = "[No Variations]"
Add component (AddParameter): Name = "Element14 URL"; Value = "http://au.element14.com/panasonic-electronic-components/evq-21405r/switch-tactile-spst-no-20ma-15vdc/dp/2281982"; VariantName = "[No Variations]"
Add component (AddParameter): Name = "Lead-Free Status"; Value = "Lead Free"; VariantName = "[No Variations]"
Add component (AddParameter): Name = "Lifecycle Status"; Value = "Not Listed by Manufacturer"; VariantName = "[No Variations]"
Add component (AddParameter): Name = "Manufacturer Part Number"; Value = "EVQ-21405R"; VariantName = "[No Variations]"
Add component (AddParameter): Name = "Mounting Style"; Value = "Through Hole, PC Board"; VariantName = "[No Variations]"
Add component (AddParameter): Name = "Octopart URL"; Value = "http://octopart.com/evq-21405r-panasonic-55650591"; VariantName = "[No Variations]"
Add component (AddParameter): Name = "OctopartID"; Value = "2fe5e5be239cf022"; VariantName = "[No Variations]"
Add component (AddParameter): Name = "Orientation"; Value = "Vertical"; VariantName = "[No Variations]"
Add component (AddParameter): Name = "Packaging"; Value = "Tape & Reel (TR)"; VariantName = "[No Variations]"
Add component (AddParameter): Name = "RoHS"; Value = "Compliant"; VariantName = "[No Variations]"
Add component (AddParameter): Name = "Size-Length"; Value = "6.00 mm"; VariantName = "[No Variations]"
Add component (AddParameter): Name = "Size-Width"; Value = "6.00 mm"; VariantName = "[No Variations]"
Added Component: Designator=SW8(PCB-je10m8m3eogq13l465bo-1)
Add component (AddParameter): Name = "Actuator Type"; Value = "Standard"; VariantName = "[No Variations]"
Add component (AddParameter): Name = "Contact Current Rating"; Value = "20.0 mA"; VariantName = "[No Variations]"
Add component (AddParameter): Name = "Contacts Type"; Value = "SPST-NO"; VariantName = "[No Variations]"
Add component (AddParameter): Name = "Element14 Min Order"; Value = "1"; VariantName = "[No Variations]"
Add component (AddParameter): Name = "Element14 Part No."; Value = "2281982"; VariantName = "[No Variations]"
Add component (AddParameter): Name = "Element14 Price Per"; Value = "$0.109"; VariantName = "[No Variations]"
Add component (AddParameter): Name = "Element14 URL"; Value = "http://au.element14.com/panasonic-electronic-components/evq-21405r/switch-tactile-spst-no-20ma-15vdc/dp/2281982"; VariantName = "[No Variations]"
Add component (AddParameter): Name = "Lead-Free Status"; Value = "Lead Free"; VariantName = "[No Variations]"
Add component (AddParameter): Name = "Lifecycle Status"; Value = "Not Listed by Manufacturer"; VariantName = "[No Variations]"
Add component (AddParameter): Name = "Manufacturer Part Number"; Value = "EVQ-21405R"; VariantName = "[No Variations]"
Add component (AddParameter): Name = "Mounting Style"; Value = "Through Hole, PC Board"; VariantName = "[No Variations]"
Add component (AddParameter): Name = "Octopart URL"; Value = "http://octopart.com/evq-21405r-panasonic-55650591"; VariantName = "[No Variations]"
Add component (AddParameter): Name = "OctopartID"; Value = "2fe5e5be239cf022"; VariantName = "[No Variations]"
Add component (AddParameter): Name = "Orientation"; Value = "Vertical"; VariantName = "[No Variations]"
Add component (AddParameter): Name = "Packaging"; Value = "Tape & Reel (TR)"; VariantName = "[No Variations]"
Add component (AddParameter): Name = "RoHS"; Value = "Compliant"; VariantName = "[No Variations]"
Add component (AddParameter): Name = "Size-Length"; Value = "6.00 mm"; VariantName = "[No Variations]"
Add component (AddParameter): Name = "Size-Width"; Value = "6.00 mm"; VariantName = "[No Variations]"
Added Component: Designator=SW9(PCB-je10m8m3eogq13l465bo-1)
Add component (AddParameter): Name = "Actuator Type"; Value = "Standard"; VariantName = "[No Variations]"
Add component (AddParameter): Name = "Contact Current Rating"; Value = "20.0 mA"; VariantName = "[No Variations]"
Add component (AddParameter): Name = "Contacts Type"; Value = "SPST-NO"; VariantName = "[No Variations]"
Add component (AddParameter): Name = "Element14 Min Order"; Value = "1"; VariantName = "[No Variations]"
Add component (AddParameter): Name = "Element14 Part No."; Value = "2281982"; VariantName = "[No Variations]"
Add component (AddParameter): Name = "Element14 Price Per"; Value = "$0.109"; VariantName = "[No Variations]"
Add component (AddParameter): Name = "Element14 URL"; Value = "http://au.element14.com/panasonic-electronic-components/evq-21405r/switch-tactile-spst-no-20ma-15vdc/dp/2281982"; VariantName = "[No Variations]"
Add component (AddParameter): Name = "Lead-Free Status"; Value = "Lead Free"; VariantName = "[No Variations]"
Add component (AddParameter): Name = "Lifecycle Status"; Value = "Not Listed by Manufacturer"; VariantName = "[No Variations]"
Add component (AddParameter): Name = "Manufacturer Part Number"; Value = "EVQ-21405R"; VariantName = "[No Variations]"
Add component (AddParameter): Name = "Mounting Style"; Value = "Through Hole, PC Board"; VariantName = "[No Variations]"
Add component (AddParameter): Name = "Octopart URL"; Value = "http://octopart.com/evq-21405r-panasonic-55650591"; VariantName = "[No Variations]"
Add component (AddParameter): Name = "OctopartID"; Value = "2fe5e5be239cf022"; VariantName = "[No Variations]"
Add component (AddParameter): Name = "Orientation"; Value = "Vertical"; VariantName = "[No Variations]"
Add component (AddParameter): Name = "Packaging"; Value = "Tape & Reel (TR)"; VariantName = "[No Variations]"
Add component (AddParameter): Name = "RoHS"; Value = "Compliant"; VariantName = "[No Variations]"
Add component (AddParameter): Name = "Size-Length"; Value = "6.00 mm"; VariantName = "[No Variations]"
Add component (AddParameter): Name = "Size-Width"; Value = "6.00 mm"; VariantName = "[No Variations]"
Added Component: Designator=SW10(PCB-je10m8m3eogq13l465bo-1)
Add component (AddParameter): Name = "Actuator Type"; Value = "Standard"; VariantName = "[No Variations]"
Add component (AddParameter): Name = "Contact Current Rating"; Value = "20.0 mA"; VariantName = "[No Variations]"
Add component (AddParameter): Name = "Contacts Type"; Value = "SPST-NO"; VariantName = "[No Variations]"
Add component (AddParameter): Name = "Element14 Min Order"; Value = "1"; VariantName = "[No Variations]"
Add component (AddParameter): Name = "Element14 Part No."; Value = "2281982"; VariantName = "[No Variations]"
Add component (AddParameter): Name = "Element14 Price Per"; Value = "$0.109"; VariantName = "[No Variations]"
Add component (AddParameter): Name = "Element14 URL"; Value = "http://au.element14.com/panasonic-electronic-components/evq-21405r/switch-tactile-spst-no-20ma-15vdc/dp/2281982"; VariantName = "[No Variations]"
Add component (AddParameter): Name = "Lead-Free Status"; Value = "Lead Free"; VariantName = "[No Variations]"
Add component (AddParameter): Name = "Lifecycle Status"; Value = "Not Listed by Manufacturer"; VariantName = "[No Variations]"
Add component (AddParameter): Name = "Manufacturer Part Number"; Value = "EVQ-21405R"; VariantName = "[No Variations]"
Add component (AddParameter): Name = "Mounting Style"; Value = "Through Hole, PC Board"; VariantName = "[No Variations]"
Add component (AddParameter): Name = "Octopart URL"; Value = "http://octopart.com/evq-21405r-panasonic-55650591"; VariantName = "[No Variations]"
Add component (AddParameter): Name = "OctopartID"; Value = "2fe5e5be239cf022"; VariantName = "[No Variations]"
Add component (AddParameter): Name = "Orientation"; Value = "Vertical"; VariantName = "[No Variations]"
Add component (AddParameter): Name = "Packaging"; Value = "Tape & Reel (TR)"; VariantName = "[No Variations]"
Add component (AddParameter): Name = "RoHS"; Value = "Compliant"; VariantName = "[No Variations]"
Add component (AddParameter): Name = "Size-Length"; Value = "6.00 mm"; VariantName = "[No Variations]"
Add component (AddParameter): Name = "Size-Width"; Value = "6.00 mm"; VariantName = "[No Variations]"
Added Component: Designator=SW11(PCB-je10m8m3eogq13l465bo-1)
Add component (AddParameter): Name = "Actuator Type"; Value = "Standard"; VariantName = "[No Variations]"
Add component (AddParameter): Name = "Contact Current Rating"; Value = "20.0 mA"; VariantName = "[No Variations]"
Add component (AddParameter): Name = "Contacts Type"; Value = "SPST-NO"; VariantName = "[No Variations]"
Add component (AddParameter): Name = "Element14 Min Order"; Value = "1"; VariantName = "[No Variations]"
Add component (AddParameter): Name = "Element14 Part No."; Value = "2281982"; VariantName = "[No Variations]"
Add component (AddParameter): Name = "Element14 Price Per"; Value = "$0.109"; VariantName = "[No Variations]"
Add component (AddParameter): Name = "Element14 URL"; Value = "http://au.element14.com/panasonic-electronic-components/evq-21405r/switch-tactile-spst-no-20ma-15vdc/dp/2281982"; VariantName = "[No Variations]"
Add component (AddParameter): Name = "Lead-Free Status"; Value = "Lead Free"; VariantName = "[No Variations]"
Add component (AddParameter): Name = "Lifecycle Status"; Value = "Not Listed by Manufacturer"; VariantName = "[No Variations]"
Add component (AddParameter): Name = "Manufacturer Part Number"; Value = "EVQ-21405R"; VariantName = "[No Variations]"
Add component (AddParameter): Name = "Mounting Style"; Value = "Through Hole, PC Board"; VariantName = "[No Variations]"
Add component (AddParameter): Name = "Octopart URL"; Value = "http://octopart.com/evq-21405r-panasonic-55650591"; VariantName = "[No Variations]"
Add component (AddParameter): Name = "OctopartID"; Value = "2fe5e5be239cf022"; VariantName = "[No Variations]"
Add component (AddParameter): Name = "Orientation"; Value = "Vertical"; VariantName = "[No Variations]"
Add component (AddParameter): Name = "Packaging"; Value = "Tape & Reel (TR)"; VariantName = "[No Variations]"
Add component (AddParameter): Name = "RoHS"; Value = "Compliant"; VariantName = "[No Variations]"
Add component (AddParameter): Name = "Size-Length"; Value = "6.00 mm"; VariantName = "[No Variations]"
Add component (AddParameter): Name = "Size-Width"; Value = "6.00 mm"; VariantName = "[No Variations]"
Added Component: Designator=SW12(PCB-je10m8m3eogq13l465bo-1)
Add component (AddParameter): Name = "Actuator Type"; Value = "Standard"; VariantName = "[No Variations]"
Add component (AddParameter): Name = "Contact Current Rating"; Value = "20.0 mA"; VariantName = "[No Variations]"
Add component (AddParameter): Name = "Contacts Type"; Value = "SPST-NO"; VariantName = "[No Variations]"
Add component (AddParameter): Name = "Element14 Min Order"; Value = "1"; VariantName = "[No Variations]"
Add component (AddParameter): Name = "Element14 Part No."; Value = "2281982"; VariantName = "[No Variations]"
Add component (AddParameter): Name = "Element14 Price Per"; Value = "$0.109"; VariantName = "[No Variations]"
Add component (AddParameter): Name = "Element14 URL"; Value = "http://au.element14.com/panasonic-electronic-components/evq-21405r/switch-tactile-spst-no-20ma-15vdc/dp/2281982"; VariantName = "[No Variations]"
Add component (AddParameter): Name = "Lead-Free Status"; Value = "Lead Free"; VariantName = "[No Variations]"
Add component (AddParameter): Name = "Lifecycle Status"; Value = "Not Listed by Manufacturer"; VariantName = "[No Variations]"
Add component (AddParameter): Name = "Manufacturer Part Number"; Value = "EVQ-21405R"; VariantName = "[No Variations]"
Add component (AddParameter): Name = "Mounting Style"; Value = "Through Hole, PC Board"; VariantName = "[No Variations]"
Add component (AddParameter): Name = "Octopart URL"; Value = "http://octopart.com/evq-21405r-panasonic-55650591"; VariantName = "[No Variations]"
Add component (AddParameter): Name = "OctopartID"; Value = "2fe5e5be239cf022"; VariantName = "[No Variations]"
Add component (AddParameter): Name = "Orientation"; Value = "Vertical"; VariantName = "[No Variations]"
Add component (AddParameter): Name = "Packaging"; Value = "Tape & Reel (TR)"; VariantName = "[No Variations]"
Add component (AddParameter): Name = "RoHS"; Value = "Compliant"; VariantName = "[No Variations]"
Add component (AddParameter): Name = "Size-Length"; Value = "6.00 mm"; VariantName = "[No Variations]"
Add component (AddParameter): Name = "Size-Width"; Value = "6.00 mm"; VariantName = "[No Variations]"
Added Component: Designator=SW13(PCB-je10m8m3eogq13l465bo-1)
Add component (AddParameter): Name = "Actuator Type"; Value = "Standard"; VariantName = "[No Variations]"
Add component (AddParameter): Name = "Contact Current Rating"; Value = "20.0 mA"; VariantName = "[No Variations]"
Add component (AddParameter): Name = "Contacts Type"; Value = "SPST-NO"; VariantName = "[No Variations]"
Add component (AddParameter): Name = "Element14 Min Order"; Value = "1"; VariantName = "[No Variations]"
Add component (AddParameter): Name = "Element14 Part No."; Value = "2281982"; VariantName = "[No Variations]"
Add component (AddParameter): Name = "Element14 Price Per"; Value = "$0.109"; VariantName = "[No Variations]"
Add component (AddParameter): Name = "Element14 URL"; Value = "http://au.element14.com/panasonic-electronic-components/evq-21405r/switch-tactile-spst-no-20ma-15vdc/dp/2281982"; VariantName = "[No Variations]"
Add component (AddParameter): Name = "Lead-Free Status"; Value = "Lead Free"; VariantName = "[No Variations]"
Add component (AddParameter): Name = "Lifecycle Status"; Value = "Not Listed by Manufacturer"; VariantName = "[No Variations]"
Add component (AddParameter): Name = "Manufacturer Part Number"; Value = "EVQ-21405R"; VariantName = "[No Variations]"
Add component (AddParameter): Name = "Mounting Style"; Value = "Through Hole, PC Board"; VariantName = "[No Variations]"
Add component (AddParameter): Name = "Octopart URL"; Value = "http://octopart.com/evq-21405r-panasonic-55650591"; VariantName = "[No Variations]"
Add component (AddParameter): Name = "OctopartID"; Value = "2fe5e5be239cf022"; VariantName = "[No Variations]"
Add component (AddParameter): Name = "Orientation"; Value = "Vertical"; VariantName = "[No Variations]"
Add component (AddParameter): Name = "Packaging"; Value = "Tape & Reel (TR)"; VariantName = "[No Variations]"
Add component (AddParameter): Name = "RoHS"; Value = "Compliant"; VariantName = "[No Variations]"
Add component (AddParameter): Name = "Size-Length"; Value = "6.00 mm"; VariantName = "[No Variations]"
Add component (AddParameter): Name = "Size-Width"; Value = "6.00 mm"; VariantName = "[No Variations]"
Added Component: Designator=TP_GND(P1-09)
Added Component: Designator=TP_SIG(P1-09)
Added Component: Designator=TP_VCC(P1-09)
Added Component: Designator=U1(TO-92-TO3)
Add component (AddParameter): Name = "Case/Package"; Value = "TO-92"; VariantName = "[No Variations]"
Add component (AddParameter): Name = "Dropout Voltage"; Value = "0.33 V"; VariantName = "[No Variations]"
Add component (AddParameter): Name = "Lead-Free Status"; Value = "Lead Free"; VariantName = "[No Variations]"
Add component (AddParameter): Name = "Lifecycle Status"; Value = "Active"; VariantName = "[No Variations]"
Add component (AddParameter): Name = "Manufacturer Part Number"; Value = "MCP1702-5002E/TO"; VariantName = "[No Variations]"
Add component (AddParameter): Name = "Mounting Style"; Value = "Through Hole"; VariantName = "[No Variations]"
Add component (AddParameter): Name = "Number of Outputs"; Value = "1"; VariantName = "[No Variations]"
Add component (AddParameter): Name = "Number of Pins"; Value = "3"; VariantName = "[No Variations]"
Add component (AddParameter): Name = "Octopart Url"; Value = "https://octopart.com/mcp1702-5002e%2Fto-microchip-535762"; VariantName = "[No Variations]"
Add component (AddParameter): Name = "OctopartID"; Value = "b1707872b8c46eb7"; VariantName = "[No Variations]"
Add component (AddParameter): Name = "Output Voltage"; Value = "5.0 V"; VariantName = "[No Variations]"
Add component (AddParameter): Name = "Packaging"; Value = "Bulk"; VariantName = "[No Variations]"
Add component (AddParameter): Name = "Quiescent Current"; Value = "2e-06 A"; VariantName = "[No Variations]"
Add component (AddParameter): Name = "REACH SVHC Compliance"; Value = "No SVHC"; VariantName = "[No Variations]"
Add component (AddParameter): Name = "RoHS"; Value = "Compliant"; VariantName = "[No Variations]"
Added Component: Designator=U2(TI-D8_L)
Add component (AddParameter): Name = "Case/Package"; Value = "SOIC"; VariantName = "[No Variations]"
Add component (AddParameter): Name = "Frequency"; Value = "3.00 MHz"; VariantName = "[No Variations]"
Add component (AddParameter): Name = "Input Voltage (DC)"; Value = "12.0 V (max)"; VariantName = "[No Variations]"
Add component (AddParameter): Name = "Lead-Free Status"; Value = "Lead Free"; VariantName = "[No Variations]"
Add component (AddParameter): Name = "Lifecycle Status"; Value = "Active"; VariantName = "[No Variations]"
Add component (AddParameter): Name = "Manufacturer Part Number"; Value = "LMC555CMX/NOPB"; VariantName = "[No Variations]"
Add component (AddParameter): Name = "Mounting Style"; Value = "Surface Mount"; VariantName = "[No Variations]"
Add component (AddParameter): Name = "Number of Pins"; Value = "8"; VariantName = "[No Variations]"
Add component (AddParameter): Name = "Octopart URL"; Value = "https://octopart.com/lmc555cmx%2Fnopb-texas+instruments-24815227"; VariantName = "[No Variations]"
Add component (AddParameter): Name = "OctopartID"; Value = "6f1ca76cec01b0db"; VariantName = "[No Variations]"
Add component (AddParameter): Name = "Operating Temperature"; Value = "-40.0 °C (min)"; VariantName = "[No Variations]"
Add component (AddParameter): Name = "Output Current"; Value = "100 mA (max)"; VariantName = "[No Variations]"
Add component (AddParameter): Name = "Packaging"; Value = "Cut Tape (CT), Reel, Tape & Reel (TR)"; VariantName = "[No Variations]"
Add component (AddParameter): Name = "Quiescent Current"; Value = "50.0 µA"; VariantName = "[No Variations]"
Add component (AddParameter): Name = "REACH SVHC Compliance"; Value = "No SVHC"; VariantName = "[No Variations]"
Add component (AddParameter): Name = "RoHS"; Value = "Compliant"; VariantName = "[No Variations]"
Add component (AddParameter): Name = "Supply Voltage (DC)"; Value = "1.50 V (min), 2.00 V (min), 15.0 V (max)"; VariantName = "[No Variations]"
Added Pin To Net: NetName=GND Pin=BT1-2
Added Pin To Net: NetName=GND Pin=C1-2
Added Pin To Net: NetName=GND Pin=C2-2
Added Pin To Net: NetName=GND Pin=C3-1
Added Pin To Net: NetName=GND Pin=C4-1
Added Pin To Net: NetName=GND Pin=C5-1
Added Pin To Net: NetName=GND Pin=C6-1
Added Pin To Net: NetName=GND Pin=C8-2
Added Pin To Net: NetName=GND Pin=LED1-1
Added Pin To Net: NetName=GND Pin=P2-1
Added Pin To Net: NetName=GND Pin=Q1-E
Added Pin To Net: NetName=GND Pin=R16-2
Added Pin To Net: NetName=GND Pin=TP_GND-1
Added Pin To Net: NetName=GND Pin=TP_VCC-1
Added Pin To Net: NetName=GND Pin=U1-1
Added Net: Name=GND
Added Pin To Net: NetName=NetC5_2 Pin=C5-2
Added Pin To Net: NetName=NetC5_2 Pin=U2-5
Added Net: Name=NetC5_2
Added Pin To Net: NetName=NetC6_2 Pin=C6-2
Added Pin To Net: NetName=NetC6_2 Pin=SW2-2
Added Pin To Net: NetName=NetC6_2 Pin=SW3-2
Added Pin To Net: NetName=NetC6_2 Pin=SW4-2
Added Pin To Net: NetName=NetC6_2 Pin=SW5-2
Added Pin To Net: NetName=NetC6_2 Pin=SW6-2
Added Pin To Net: NetName=NetC6_2 Pin=SW7-2
Added Pin To Net: NetName=NetC6_2 Pin=SW8-2
Added Pin To Net: NetName=NetC6_2 Pin=SW9-2
Added Pin To Net: NetName=NetC6_2 Pin=SW10-2
Added Pin To Net: NetName=NetC6_2 Pin=SW11-2
Added Pin To Net: NetName=NetC6_2 Pin=SW12-2
Added Pin To Net: NetName=NetC6_2 Pin=SW13-2
Added Pin To Net: NetName=NetC6_2 Pin=U2-2
Added Pin To Net: NetName=NetC6_2 Pin=U2-6
Added Net: Name=NetC6_2
Added Pin To Net: NetName=NetC7_1 Pin=C7-1
Added Pin To Net: NetName=NetC7_1 Pin=Q1-B
Added Pin To Net: NetName=NetC7_1 Pin=R15-2
Added Pin To Net: NetName=NetC7_1 Pin=R16-1
Added Net: Name=NetC7_1
Added Pin To Net: NetName=NetC7_2 Pin=C7-2
Added Pin To Net: NetName=NetC7_2 Pin=TP_SIG-1
Added Pin To Net: NetName=NetC7_2 Pin=U2-3
Added Net: Name=NetC7_2
Added Pin To Net: NetName=NetD1_1 Pin=D1-1
Added Pin To Net: NetName=NetD1_1 Pin=Q1-C
Added Net: Name=NetD1_1
Added Pin To Net: NetName=NetLED1_2 Pin=LED1-2
Added Pin To Net: NetName=NetLED1_2 Pin=R1-2
Added Net: Name=NetLED1_2
Added Pin To Net: NetName=NetR2_2 Pin=R2-2
Added Pin To Net: NetName=NetR2_2 Pin=R3-1
Added Pin To Net: NetName=NetR2_2 Pin=R4-1
Added Pin To Net: NetName=NetR2_2 Pin=R5-1
Added Pin To Net: NetName=NetR2_2 Pin=R6-1
Added Pin To Net: NetName=NetR2_2 Pin=R7-1
Added Pin To Net: NetName=NetR2_2 Pin=R8-1
Added Pin To Net: NetName=NetR2_2 Pin=R9-1
Added Pin To Net: NetName=NetR2_2 Pin=R10-1
Added Pin To Net: NetName=NetR2_2 Pin=R11-1
Added Pin To Net: NetName=NetR2_2 Pin=R12-1
Added Pin To Net: NetName=NetR2_2 Pin=R13-1
Added Pin To Net: NetName=NetR2_2 Pin=R14-1
Added Pin To Net: NetName=NetR2_2 Pin=U2-7
Added Net: Name=NetR2_2
Added Pin To Net: NetName=NetR3_2 Pin=R3-2
Added Pin To Net: NetName=NetR3_2 Pin=SW6-1
Added Net: Name=NetR3_2
Added Pin To Net: NetName=NetR4_2 Pin=R4-2
Added Pin To Net: NetName=NetR4_2 Pin=SW2-1
Added Net: Name=NetR4_2
Added Pin To Net: NetName=NetR5_2 Pin=R5-2
Added Pin To Net: NetName=NetR5_2 Pin=SW3-1
Added Net: Name=NetR5_2
Added Pin To Net: NetName=NetR6_2 Pin=R6-2
Added Pin To Net: NetName=NetR6_2 Pin=SW4-1
Added Net: Name=NetR6_2
Added Pin To Net: NetName=NetR7_2 Pin=R7-2
Added Pin To Net: NetName=NetR7_2 Pin=SW5-1
Added Net: Name=NetR7_2
Added Pin To Net: NetName=NetR8_2 Pin=R8-2
Added Pin To Net: NetName=NetR8_2 Pin=SW7-1
Added Net: Name=NetR8_2
Added Pin To Net: NetName=NetR9_2 Pin=R9-2
Added Pin To Net: NetName=NetR9_2 Pin=SW8-1
Added Net: Name=NetR9_2
Added Pin To Net: NetName=NetR10_2 Pin=R10-2
Added Pin To Net: NetName=NetR10_2 Pin=SW9-1
Added Net: Name=NetR10_2
Added Pin To Net: NetName=NetR11_2 Pin=R11-2
Added Pin To Net: NetName=NetR11_2 Pin=SW10-1
Added Net: Name=NetR11_2
Added Pin To Net: NetName=NetR12_2 Pin=R12-2
Added Pin To Net: NetName=NetR12_2 Pin=SW11-1
Added Net: Name=NetR12_2
Added Pin To Net: NetName=NetR13_2 Pin=R13-2
Added Pin To Net: NetName=NetR13_2 Pin=SW12-1
Added Net: Name=NetR13_2
Added Pin To Net: NetName=NetR14_2 Pin=R14-2
Added Pin To Net: NetName=NetR14_2 Pin=SW13-1
Added Net: Name=NetR14_2
Added Pin To Net: NetName=VBAT_SW Pin=C1-1
Added Pin To Net: NetName=VBAT_SW Pin=SW1-1
Added Pin To Net: NetName=VBAT_SW Pin=U1-2
Added Net: Name=VBAT_SW
Added Pin To Net: NetName=VBAT Pin=BT1-1
Added Pin To Net: NetName=VBAT Pin=SW1-2
Added Net: Name=VBAT
Added Pin To Net: NetName=VCC Pin=C2-1
Added Pin To Net: NetName=VCC Pin=C3-2
Added Pin To Net: NetName=VCC Pin=C4-2
Added Pin To Net: NetName=VCC Pin=C8-1
Added Pin To Net: NetName=VCC Pin=D1-2
Added Pin To Net: NetName=VCC Pin=P2-2
Added Pin To Net: NetName=VCC Pin=R1-1
Added Pin To Net: NetName=VCC Pin=R2-1
Added Pin To Net: NetName=VCC Pin=R15-1
Added Pin To Net: NetName=VCC Pin=U1-3
Added Pin To Net: NetName=VCC Pin=U2-4
Added Pin To Net: NetName=VCC Pin=U2-8
Added Net: Name=VCC
Added Class: Name=555TimerOrganFinal
