Removed Pin From Net: NetName=NetC7_1 Pin=C7-1
Change Managed Component Library Link : Designator=BT1 Old VaultGUID= New VaultGUID=7B5709D0-CFCB-11E1-A429-385E32E0CE67 Old ItemGUID= New ItemGUID=47E586DB-57A2-40C3-95F3-4F5A8078F063 Old RevisionGUID= New RevisionGUID=2FA418BE-32BA-4502-84C9-FEFDA6E67E7C
Change Managed Component Library Link : Designator=C1 Old VaultGUID= New VaultGUID=7B5709D0-CFCB-11E1-A429-385E32E0CE67 Old ItemGUID= New ItemGUID=5C390E29-0E04-48D1-A666-06E783A04431 Old RevisionGUID= New RevisionGUID=8EB9533E-0F5C-49FF-89A6-244F3C799D7C
Change Managed Component Library Link : Designator=C2 Old VaultGUID= New VaultGUID=7B5709D0-CFCB-11E1-A429-385E32E0CE67 Old ItemGUID= New ItemGUID=5C390E29-0E04-48D1-A666-06E783A04431 Old RevisionGUID= New RevisionGUID=8EB9533E-0F5C-49FF-89A6-244F3C799D7C
Change Managed Component Library Link : Designator=C3 Old VaultGUID= New VaultGUID=7B5709D0-CFCB-11E1-A429-385E32E0CE67 Old ItemGUID= New ItemGUID=B6BC0795-6DF2-4BD6-B9AA-DD3A81C74813 Old RevisionGUID= New RevisionGUID=AF8CDF0D-505E-42A2-A0D4-A3E510E87564
Change Managed Component Library Link : Designator=C4 Old VaultGUID= New VaultGUID=7B5709D0-CFCB-11E1-A429-385E32E0CE67 Old ItemGUID= New ItemGUID=B6BC0795-6DF2-4BD6-B9AA-DD3A81C74813 Old RevisionGUID= New RevisionGUID=AF8CDF0D-505E-42A2-A0D4-A3E510E87564
Change Managed Component Library Link : Designator=C5 Old VaultGUID= New VaultGUID=7B5709D0-CFCB-11E1-A429-385E32E0CE67 Old ItemGUID= New ItemGUID=B6BC0795-6DF2-4BD6-B9AA-DD3A81C74813 Old RevisionGUID= New RevisionGUID=AF8CDF0D-505E-42A2-A0D4-A3E510E87564
Change Managed Component Library Link : Designator=C6 Old VaultGUID= New VaultGUID=7B5709D0-CFCB-11E1-A429-385E32E0CE67 Old ItemGUID= New ItemGUID=B6BC0795-6DF2-4BD6-B9AA-DD3A81C74813 Old RevisionGUID= New RevisionGUID=AF8CDF0D-505E-42A2-A0D4-A3E510E87564
Change Managed Component Library Link : Designator=C7 Old VaultGUID= New VaultGUID=7B5709D0-CFCB-11E1-A429-385E32E0CE67 Old ItemGUID= New ItemGUID=5C390E29-0E04-48D1-A666-06E783A04431 Old RevisionGUID= New RevisionGUID=8EB9533E-0F5C-49FF-89A6-244F3C799D7C
Change Managed Component Library Link : Designator=C8 Old VaultGUID= New VaultGUID=7B5709D0-CFCB-11E1-A429-385E32E0CE67 Old ItemGUID= New ItemGUID=5C390E29-0E04-48D1-A666-06E783A04431 Old RevisionGUID= New RevisionGUID=8EB9533E-0F5C-49FF-89A6-244F3C799D7C
Change Managed Component Library Link : Designator=D1 Old VaultGUID= New VaultGUID=7B5709D0-CFCB-11E1-A429-385E32E0CE67 Old ItemGUID= New ItemGUID=78AEBA8E-E5C9-46E1-9DC0-9ED02E314D92 Old RevisionGUID= New RevisionGUID=DCFDBE74-9CE0-4934-A173-8FA9C9566B33
Change Managed Component Library Link : Designator=LED1 Old VaultGUID= New VaultGUID=7B5709D0-CFCB-11E1-A429-385E32E0CE67 Old ItemGUID= New ItemGUID=C5AB29F6-8736-430D-BDA2-67E660F5BA10 Old RevisionGUID= New RevisionGUID=B1B9EC55-4276-4796-9970-A5D5E0A5525B
Change Managed Component Library Link : Designator=P2 Old VaultGUID= New VaultGUID=7B5709D0-CFCB-11E1-A429-385E32E0CE67 Old ItemGUID= New ItemGUID=FFC203BD-549C-4801-B3E1-6C52AC4DA74B Old RevisionGUID= New RevisionGUID=A1BDCF6C-62C5-11E5-BD00-22000B510297
Change Managed Component Library Link : Designator=Q1 Old VaultGUID= New VaultGUID=7B5709D0-CFCB-11E1-A429-385E32E0CE67 Old ItemGUID= New ItemGUID=6D49ED15-A0E5-44EF-816E-0FB8EF2AB871 Old RevisionGUID= New RevisionGUID=e2b9f43e-b5d3-4a0b-8b59-4b55731f39bf
Change Managed Component Library Link : Designator=R1 Old VaultGUID= New VaultGUID=7B5709D0-CFCB-11E1-A429-385E32E0CE67 Old ItemGUID= New ItemGUID=ED029437-BCA7-4FB3-B740-62CEA1E644C9 Old RevisionGUID= New RevisionGUID=B67055A4-013F-49B3-8102-1472C304B468
Change Managed Component Library Link : Designator=R2 Old VaultGUID= New VaultGUID=7B5709D0-CFCB-11E1-A429-385E32E0CE67 Old ItemGUID= New ItemGUID=ED029437-BCA7-4FB3-B740-62CEA1E644C9 Old RevisionGUID= New RevisionGUID=B67055A4-013F-49B3-8102-1472C304B468
Change Managed Component Library Link : Designator=R3 Old VaultGUID= New VaultGUID=7B5709D0-CFCB-11E1-A429-385E32E0CE67 Old ItemGUID= New ItemGUID=ED029437-BCA7-4FB3-B740-62CEA1E644C9 Old RevisionGUID= New RevisionGUID=B67055A4-013F-49B3-8102-1472C304B468
Change Managed Component Library Link : Designator=R4 Old VaultGUID= New VaultGUID=7B5709D0-CFCB-11E1-A429-385E32E0CE67 Old ItemGUID= New ItemGUID=ED029437-BCA7-4FB3-B740-62CEA1E644C9 Old RevisionGUID= New RevisionGUID=B67055A4-013F-49B3-8102-1472C304B468
Change Managed Component Library Link : Designator=R5 Old VaultGUID= New VaultGUID=7B5709D0-CFCB-11E1-A429-385E32E0CE67 Old ItemGUID= New ItemGUID=ED029437-BCA7-4FB3-B740-62CEA1E644C9 Old RevisionGUID= New RevisionGUID=B67055A4-013F-49B3-8102-1472C304B468
Change Managed Component Library Link : Designator=R6 Old VaultGUID= New VaultGUID=7B5709D0-CFCB-11E1-A429-385E32E0CE67 Old ItemGUID= New ItemGUID=ED029437-BCA7-4FB3-B740-62CEA1E644C9 Old RevisionGUID= New RevisionGUID=B67055A4-013F-49B3-8102-1472C304B468
Change Managed Component Library Link : Designator=R7 Old VaultGUID= New VaultGUID=7B5709D0-CFCB-11E1-A429-385E32E0CE67 Old ItemGUID= New ItemGUID=ED029437-BCA7-4FB3-B740-62CEA1E644C9 Old RevisionGUID= New RevisionGUID=B67055A4-013F-49B3-8102-1472C304B468
Change Managed Component Library Link : Designator=R8 Old VaultGUID= New VaultGUID=7B5709D0-CFCB-11E1-A429-385E32E0CE67 Old ItemGUID= New ItemGUID=ED029437-BCA7-4FB3-B740-62CEA1E644C9 Old RevisionGUID= New RevisionGUID=B67055A4-013F-49B3-8102-1472C304B468
Change Managed Component Library Link : Designator=R9 Old VaultGUID= New VaultGUID=7B5709D0-CFCB-11E1-A429-385E32E0CE67 Old ItemGUID= New ItemGUID=ED029437-BCA7-4FB3-B740-62CEA1E644C9 Old RevisionGUID= New RevisionGUID=B67055A4-013F-49B3-8102-1472C304B468
Change Managed Component Library Link : Designator=R10 Old VaultGUID= New VaultGUID=7B5709D0-CFCB-11E1-A429-385E32E0CE67 Old ItemGUID= New ItemGUID=ED029437-BCA7-4FB3-B740-62CEA1E644C9 Old RevisionGUID= New RevisionGUID=B67055A4-013F-49B3-8102-1472C304B468
Change Managed Component Library Link : Designator=R11 Old VaultGUID= New VaultGUID=7B5709D0-CFCB-11E1-A429-385E32E0CE67 Old ItemGUID= New ItemGUID=ED029437-BCA7-4FB3-B740-62CEA1E644C9 Old RevisionGUID= New RevisionGUID=B67055A4-013F-49B3-8102-1472C304B468
Change Managed Component Library Link : Designator=R12 Old VaultGUID= New VaultGUID=7B5709D0-CFCB-11E1-A429-385E32E0CE67 Old ItemGUID= New ItemGUID=ED029437-BCA7-4FB3-B740-62CEA1E644C9 Old RevisionGUID= New RevisionGUID=B67055A4-013F-49B3-8102-1472C304B468
Change Managed Component Library Link : Designator=R13 Old VaultGUID= New VaultGUID=7B5709D0-CFCB-11E1-A429-385E32E0CE67 Old ItemGUID= New ItemGUID=ED029437-BCA7-4FB3-B740-62CEA1E644C9 Old RevisionGUID= New RevisionGUID=B67055A4-013F-49B3-8102-1472C304B468
Change Managed Component Library Link : Designator=R14 Old VaultGUID= New VaultGUID=7B5709D0-CFCB-11E1-A429-385E32E0CE67 Old ItemGUID= New ItemGUID=ED029437-BCA7-4FB3-B740-62CEA1E644C9 Old RevisionGUID= New RevisionGUID=B67055A4-013F-49B3-8102-1472C304B468
Change Managed Component Library Link : Designator=R15 Old VaultGUID= New VaultGUID=7B5709D0-CFCB-11E1-A429-385E32E0CE67 Old ItemGUID= New ItemGUID=ED029437-BCA7-4FB3-B740-62CEA1E644C9 Old RevisionGUID= New RevisionGUID=B67055A4-013F-49B3-8102-1472C304B468
Change Managed Component Library Link : Designator=R16 Old VaultGUID= New VaultGUID=7B5709D0-CFCB-11E1-A429-385E32E0CE67 Old ItemGUID= New ItemGUID=ED029437-BCA7-4FB3-B740-62CEA1E644C9 Old RevisionGUID= New RevisionGUID=B67055A4-013F-49B3-8102-1472C304B468
Change Managed Component Library Link : Designator=SW1 Old VaultGUID= New VaultGUID=7B5709D0-CFCB-11E1-A429-385E32E0CE67 Old ItemGUID= New ItemGUID=B1B152AC-58EB-4548-80EA-01BA027AB452 Old RevisionGUID= New RevisionGUID=5199E270-7CC3-48B1-906E-E46611D187BA
Change Managed Component Library Link : Designator=SW2 Old VaultGUID= New VaultGUID=7B5709D0-CFCB-11E1-A429-385E32E0CE67 Old ItemGUID= New ItemGUID=ED70EBEB-79EA-45C1-932C-97784D019FEE Old RevisionGUID= New RevisionGUID=A71E5817-7684-4820-96E4-44D968C3B8F8
Change Managed Component Library Link : Designator=SW3 Old VaultGUID= New VaultGUID=7B5709D0-CFCB-11E1-A429-385E32E0CE67 Old ItemGUID= New ItemGUID=ED70EBEB-79EA-45C1-932C-97784D019FEE Old RevisionGUID= New RevisionGUID=A71E5817-7684-4820-96E4-44D968C3B8F8
Change Managed Component Library Link : Designator=SW4 Old VaultGUID= New VaultGUID=7B5709D0-CFCB-11E1-A429-385E32E0CE67 Old ItemGUID= New ItemGUID=ED70EBEB-79EA-45C1-932C-97784D019FEE Old RevisionGUID= New RevisionGUID=A71E5817-7684-4820-96E4-44D968C3B8F8
Change Managed Component Library Link : Designator=SW5 Old VaultGUID= New VaultGUID=7B5709D0-CFCB-11E1-A429-385E32E0CE67 Old ItemGUID= New ItemGUID=ED70EBEB-79EA-45C1-932C-97784D019FEE Old RevisionGUID= New RevisionGUID=A71E5817-7684-4820-96E4-44D968C3B8F8
Change Managed Component Library Link : Designator=SW6 Old VaultGUID= New VaultGUID=7B5709D0-CFCB-11E1-A429-385E32E0CE67 Old ItemGUID= New ItemGUID=ED70EBEB-79EA-45C1-932C-97784D019FEE Old RevisionGUID= New RevisionGUID=A71E5817-7684-4820-96E4-44D968C3B8F8
Change Managed Component Library Link : Designator=SW7 Old VaultGUID= New VaultGUID=7B5709D0-CFCB-11E1-A429-385E32E0CE67 Old ItemGUID= New ItemGUID=ED70EBEB-79EA-45C1-932C-97784D019FEE Old RevisionGUID= New RevisionGUID=A71E5817-7684-4820-96E4-44D968C3B8F8
Change Managed Component Library Link : Designator=SW8 Old VaultGUID= New VaultGUID=7B5709D0-CFCB-11E1-A429-385E32E0CE67 Old ItemGUID= New ItemGUID=ED70EBEB-79EA-45C1-932C-97784D019FEE Old RevisionGUID= New RevisionGUID=A71E5817-7684-4820-96E4-44D968C3B8F8
Change Managed Component Library Link : Designator=SW9 Old VaultGUID= New VaultGUID=7B5709D0-CFCB-11E1-A429-385E32E0CE67 Old ItemGUID= New ItemGUID=ED70EBEB-79EA-45C1-932C-97784D019FEE Old RevisionGUID= New RevisionGUID=A71E5817-7684-4820-96E4-44D968C3B8F8
Change Managed Component Library Link : Designator=SW10 Old VaultGUID= New VaultGUID=7B5709D0-CFCB-11E1-A429-385E32E0CE67 Old ItemGUID= New ItemGUID=ED70EBEB-79EA-45C1-932C-97784D019FEE Old RevisionGUID= New RevisionGUID=A71E5817-7684-4820-96E4-44D968C3B8F8
Change Managed Component Library Link : Designator=SW11 Old VaultGUID= New VaultGUID=7B5709D0-CFCB-11E1-A429-385E32E0CE67 Old ItemGUID= New ItemGUID=ED70EBEB-79EA-45C1-932C-97784D019FEE Old RevisionGUID= New RevisionGUID=A71E5817-7684-4820-96E4-44D968C3B8F8
Change Managed Component Library Link : Designator=SW12 Old VaultGUID= New VaultGUID=7B5709D0-CFCB-11E1-A429-385E32E0CE67 Old ItemGUID= New ItemGUID=ED70EBEB-79EA-45C1-932C-97784D019FEE Old RevisionGUID= New RevisionGUID=A71E5817-7684-4820-96E4-44D968C3B8F8
Change Managed Component Library Link : Designator=SW13 Old VaultGUID= New VaultGUID=7B5709D0-CFCB-11E1-A429-385E32E0CE67 Old ItemGUID= New ItemGUID=ED70EBEB-79EA-45C1-932C-97784D019FEE Old RevisionGUID= New RevisionGUID=A71E5817-7684-4820-96E4-44D968C3B8F8
Change Managed Component Library Link : Designator=TP_GND Old VaultGUID= New VaultGUID=7B5709D0-CFCB-11E1-A429-385E32E0CE67 Old ItemGUID= New ItemGUID=000890F7-3DC5-4945-871A-CF64FFB87D8B Old RevisionGUID= New RevisionGUID=C99C95CD-DF85-492E-9DDA-950890A14897
Change Managed Component Library Link : Designator=TP_SIG Old VaultGUID= New VaultGUID=7B5709D0-CFCB-11E1-A429-385E32E0CE67 Old ItemGUID= New ItemGUID=000890F7-3DC5-4945-871A-CF64FFB87D8B Old RevisionGUID= New RevisionGUID=C99C95CD-DF85-492E-9DDA-950890A14897
Change Managed Component Library Link : Designator=TP_VCC Old VaultGUID= New VaultGUID=7B5709D0-CFCB-11E1-A429-385E32E0CE67 Old ItemGUID= New ItemGUID=000890F7-3DC5-4945-871A-CF64FFB87D8B Old RevisionGUID= New RevisionGUID=C99C95CD-DF85-492E-9DDA-950890A14897
Change Managed Component Library Link : Designator=U1 Old VaultGUID= New VaultGUID=7B5709D0-CFCB-11E1-A429-385E32E0CE67 Old ItemGUID= New ItemGUID=75E9ED61-64E0-41AB-8DD6-E6332A66210C Old RevisionGUID= New RevisionGUID=5132F792-62B7-11E5-BD00-22000B510297
Change Managed Component Library Link : Designator=U2 Old VaultGUID= New VaultGUID=7B5709D0-CFCB-11E1-A429-385E32E0CE67 Old ItemGUID= New ItemGUID=20A431FC-66F4-4F5B-8DC4-A551239EC1E4 Old RevisionGUID= New RevisionGUID=940BF8BB-9B8B-4D06-8094-40727D4AFC8E
Added Pin To Net: NetName=NetC7_1 Pin=C7-2
Change Net Name : Old Net Name=NetC7_1 New Net Name=NetC7_2
Added Pin To Net: NetName=NetC7_1 Pin=C7-1
Added Pin To Net: NetName=NetC7_1 Pin=TP_SIG-1
Added Pin To Net: NetName=NetC7_1 Pin=U2-3
Added Net: Name=NetC7_1
